<?xml version="1.0" encoding="UTF-8"?>
<!-- Generated by org.testng.reporters.JUnitXMLReporter -->
<testsuite hostname="ARPIT-PC" ignored="0" name="Default test" tests="3" failures="0" timestamp="2021-05-09T17:24:13 IST" time="10.823" errors="0">
  <testcase name="addPlace" time="3.321" classname="sampletestpackage.SampleFirstAPITest"/>
  <testcase name="updatePlace" time="7.136" classname="sampletestpackage.SampleFirstAPITest"/>
  <testcase name="testSampleNestedJson" time="0.308" classname="sampletestpackage.SampleFirstAPITest"/>
</testsuite> <!-- Default test -->
