<?xml version="1.0" encoding="UTF-8"?>
<!-- Generated by org.testng.reporters.JUnitXMLReporter -->
<testsuite hostname="ARPIT-PC" ignored="0" name="Test" tests="3" failures="0" timestamp="2021-05-09T20:11:34 IST" time="10.706" errors="0">
  <testcase name="addPlace" time="3.967" classname="sampletestpackage.SampleFirstAPITest"/>
  <testcase name="updatePlace" time="6.4" classname="sampletestpackage.SampleFirstAPITest"/>
  <testcase name="testSampleNestedJson" time="0.265" classname="sampletestpackage.SampleFirstAPITest"/>
</testsuite> <!-- Test -->
