<?xml version="1.0" encoding="UTF-8"?>
<testsuite xmlns:xsi="http://www.w3.org/2001/XMLSchema-instance" xsi:noNamespaceSchemaLocation="https://maven.apache.org/surefire/maven-surefire-plugin/xsd/surefire-test-report-3.0.xsd" version="3.0" name="TestSuite" time="11.522" tests="3" errors="0" skipped="0" failures="0">
  <properties>
[...]
</properties>
  <testcase name="addPlace" classname="sampletestpackage.SampleFirstAPITest" time="4.041">
    <system-out><![CDATA[Request method:	POST
Request URI:	https://rahulshettyacademy.com/maps/api/place/add/json?key=qaclick123
Proxy:			<none>
Request params:	<none>
Query params:	key=qaclick123
Form params:	<none>
Path params:	<none>
Headers:		Accept=*/*
				Content-Type=application/json; charset=UTF-8
Cookies:		<none>
Multiparts:		<none>
Body:
{
    "location": {
        "lat": -38.383494,
        "lng": 33.427362
    },
    "accuracy": 50,
    "name": "Frontline house",
    "phone_number": "(+91) 983 893 3937",
    "address": "29, side layout, cohen 09",
    "types": [
        "shoe park",
        "shop"
    ],
    "website": "http://google.com",
    "language": "French-IN"
}
HTTP/1.1 200 OK
Date: Sun, 09 May 2021 14:41:28 GMT
Server: Apache/2.4.18 (Ubuntu)
Access-Control-Allow-Origin: *
Access-Control-Allow-Methods: POST
Access-Control-Max-Age: 3600
Access-Control-Allow-Headers: Content-Type, Access-Control-Allow-Headers, Authorization, X-Requested-With
Content-Length: 194
Keep-Alive: timeout=5, max=100
Connection: Keep-Alive
Content-Type: application/json;charset=UTF-8

{
    "status": "OK",
    "place_id": "ef4745b6028c1f08fe96c98cd519dc0f",
    "scope": "APP",
    "reference": "29d7022dc56f60092de6720f43eaa78729d7022dc56f60092de6720f43eaa787",
    "id": "29d7022dc56f60092de6720f43eaa787"
}
ef4745b6028c1f08fe96c98cd519dc0f
]]></system-out>
  </testcase>
  <testcase name="updatePlace" classname="sampletestpackage.SampleFirstAPITest" time="6.52">
    <system-out><![CDATA[Request method:	PUT
Request URI:	https://rahulshettyacademy.com/maps/api/place/update/json?key=qaclick123
Proxy:			<none>
Request params:	<none>
Query params:	key=qaclick123
Form params:	<none>
Path params:	<none>
Headers:		Accept=*/*
				Content-Type=application/json; charset=UTF-8
Cookies:		<none>
Multiparts:		<none>
Body:
{
    "place_id": "ef4745b6028c1f08fe96c98cd519dc0f",
    "address": "70 Summer walk, USA",
    "key": "qaclick123"
}
HTTP/1.1 200 OK
Date: Sun, 09 May 2021 14:41:29 GMT
Server: Apache/2.4.18 (Ubuntu)
Access-Control-Allow-Origin: *
Access-Control-Allow-Methods: POST
Access-Control-Max-Age: 3600
Access-Control-Allow-Headers: Content-Type, Access-Control-Allow-Headers, Authorization, X-Requested-With
Content-Length: 38
Keep-Alive: timeout=5, max=100
Connection: Keep-Alive
Content-Type: application/json;charset=UTF-8

{
    "msg": "Address successfully updated"
}
Request method:	GET
Request URI:	https://rahulshettyacademy.com/maps/api/place/get/json?key=qaclick123&place_id=ef4745b6028c1f08fe96c98cd519dc0f
Proxy:			<none>
Request params:	<none>
Query params:	key=qaclick123
				place_id=ef4745b6028c1f08fe96c98cd519dc0f
Form params:	<none>
Path params:	<none>
Headers:		Accept=*/*
Cookies:		<none>
Multiparts:		<none>
Body:			<none>
HTTP/1.1 200 OK
Date: Sun, 09 May 2021 14:41:32 GMT
Server: Apache/2.4.18 (Ubuntu)
Access-Control-Allow-Origin: *
Access-Control-Allow-Methods: POST
Access-Control-Max-Age: 3600
Access-Control-Allow-Headers: Content-Type, Access-Control-Allow-Headers, Authorization, X-Requested-With
Content-Length: 251
Keep-Alive: timeout=5, max=100
Connection: Keep-Alive
Content-Type: application/json;charset=UTF-8

{
    "location": {
        "latitude": "-38.383494",
        "longitude": "33.427362"
    },
    "accuracy": "50",
    "name": "Frontline house",
    "phone_number": "(+91) 983 893 3937",
    "address": "70 Summer walk, USA",
    "types": "shoe park,shop",
    "website": "http://google.com",
    "language": "French-IN"
}
Request method:	PUT
Request URI:	https://rahulshettyacademy.com/maps/api/place/update/json?key=qaclick123
Proxy:			<none>
Request params:	<none>
Query params:	key=qaclick123
Form params:	<none>
Path params:	<none>
Headers:		Accept=*/*
				Content-Type=application/json; charset=UTF-8
Cookies:		<none>
Multiparts:		<none>
Body:
{
    "place_id": "ef4745b6028c1f08fe96c98cd519dc0f",
    "address": "29, side layout, cohen 09",
    "key": "qaclick123"
}
HTTP/1.1 200 OK
Date: Sun, 09 May 2021 14:41:34 GMT
Server: Apache/2.4.18 (Ubuntu)
Access-Control-Allow-Origin: *
Access-Control-Allow-Methods: POST
Access-Control-Max-Age: 3600
Access-Control-Allow-Headers: Content-Type, Access-Control-Allow-Headers, Authorization, X-Requested-With
Content-Length: 38
Keep-Alive: timeout=5, max=100
Connection: Keep-Alive
Content-Type: application/json;charset=UTF-8

{
    "msg": "Address successfully updated"
}
]]></system-out>
  </testcase>
  <testcase name="testSampleNestedJson" classname="sampletestpackage.SampleFirstAPITest" time="0.079">
    <system-out><![CDATA[3
3
Selenium Python
50
Cypress
40
RPA
45
910; 910
]]></system-out>
  </testcase>
</testsuite>