<?xml version="1.0" encoding="UTF-8"?>
<testng-results skipped="0" failed="0" ignored="0" total="3" passed="3">
  <reporter-output>
  </reporter-output>
  <suite name="Default suite" duration-ms="10823" started-at="2021-05-09T17:24:02 IST" finished-at="2021-05-09T17:24:13 IST">
    <groups>
    </groups>
    <test name="Default test" duration-ms="10823" started-at="2021-05-09T17:24:02 IST" finished-at="2021-05-09T17:24:13 IST">
      <class name="sampletestpackage.SampleFirstAPITest">
        <test-method status="PASS" signature="addPlace()[pri:0, instance:sampletestpackage.SampleFirstAPITest@6f195bc3]" name="addPlace" duration-ms="3321" started-at="2021-05-09T17:24:02 IST" finished-at="2021-05-09T17:24:05 IST">
          <reporter-output>
          </reporter-output>
        </test-method> <!-- addPlace -->
        <test-method status="PASS" signature="updatePlace()[pri:1, instance:sampletestpackage.SampleFirstAPITest@6f195bc3]" name="updatePlace" duration-ms="7136" started-at="2021-05-09T17:24:05 IST" finished-at="2021-05-09T17:24:12 IST">
          <reporter-output>
          </reporter-output>
        </test-method> <!-- updatePlace -->
        <test-method status="PASS" signature="testSampleNestedJson()[pri:2, instance:sampletestpackage.SampleFirstAPITest@6f195bc3]" name="testSampleNestedJson" duration-ms="308" started-at="2021-05-09T17:24:12 IST" finished-at="2021-05-09T17:24:13 IST">
          <reporter-output>
          </reporter-output>
        </test-method> <!-- testSampleNestedJson -->
      </class> <!-- sampletestpackage.SampleFirstAPITest -->
    </test> <!-- Default test -->
  </suite> <!-- Default suite -->
</testng-results>
